2023-07-30 21:16:49 - INFO train_model.py - Training a model with LR classifier option.
2023-07-30 21:16:50 - INFO train_model.py - It took 313 ms to train the classifer LR
2023-07-30 21:18:32 - INFO train_model.py - Training a model with LR classifier option.
2023-07-30 21:18:32 - INFO train_model.py - It took 226 ms to train the classifer LR
2023-08-22 14:04:59 - INFO main.py - Received post request age=50 workclass='Private' fnlgt=83311 education='14' marital_status='Married-civ-spouse' occupation='Exec-managerial' relationship='Husband' race='White' sex='Male' capital_gain=10000 capital_loss=0 hours_per_week=80 native_country='United-States'
2023-08-22 14:04:59 - INFO main.py - Prediction is [1]
2023-08-22 14:09:01 - INFO main.py - Received post request age=50 workclass='Private' fnlgt=83311 education='14' marital_status='Married-civ-spouse' occupation='Exec-managerial' relationship='Husband' race='White' sex='Male' capital_gain=14084 capital_loss=0 hours_per_week=80 native_country='United-States'
2023-08-22 14:09:01 - INFO main.py - Prediction is [1]
2023-08-22 14:09:01 - INFO main.py - Received post request age=10 workclass='Private' fnlgt=83311 education='14' marital_status='Married-civ-spouse' occupation='Exec-managerial' relationship='Husband' race='White' sex='Male' capital_gain=0 capital_loss=0 hours_per_week=0 native_country='United-States'
2023-08-22 14:09:01 - INFO main.py - Prediction is [0]
2023-08-22 14:09:02 - INFO train_model.py - Training a model with LR classifier option.
2023-08-22 14:09:02 - INFO train_model.py - It took 220 ms to train the classifer LR
2023-08-22 14:09:02 - INFO train_model.py - Training a model with LR classifier option.
2023-08-22 14:09:02 - INFO train_model.py - It took 240 ms to train the classifer LR
2023-08-23 11:26:52 - INFO train_model.py - Training a model with LR classifier option.
2023-08-23 11:30:04 - INFO train_model.py - Training a model with LR classifier option.
2023-08-23 11:30:54 - INFO train_model.py - Training a model with LR classifier option.
2023-08-23 11:30:55 - INFO model.py - [0.80407222 0.79369958 0.79792547 0.80176719 0.78904899]
2023-08-23 11:44:43 - INFO train_model.py - Training a model with LR classifier option.
2023-08-23 11:45:25 - INFO train_model.py - Training a model with LR classifier option.
2023-08-23 11:45:26 - INFO train_model.py - It took 878 ms to train the classifer LR
2023-08-23 11:47:21 - INFO train_model.py - Training a model with LR classifier option.
2023-08-23 11:47:23 - INFO train_model.py - It took 2041 ms to train the classifer LR
2023-08-23 11:47:48 - INFO train_model.py - Training a model with LR classifier option.
2023-08-23 11:47:52 - INFO train_model.py - It took 3189 ms to train the classifer LR
